<?xml version="1.0" encoding="UTF-8"?>
<!-- Generated by org.testng.reporters.JUnitReportReporter -->
<testsuite skipped="0" hostname="NGL010915" name="com.qa.sf.keyword.tests.LoginTest" tests="1" failures="0" timestamp="18 May 2020 12:27:49 GMT" time="171.025" errors="0">
  <testcase name="loginTest" time="171.025" classname="com.qa.sf.keyword.tests.LoginTest"/>
</testsuite> <!-- com.qa.sf.keyword.tests.LoginTest -->
