<?xml version="1.0" encoding="UTF-8"?>
<!-- Generated by org.testng.reporters.JUnitReportReporter -->
<testsuite skipped="0" hostname="NGL010915" name="com.qa.sf.keyword.tests.LoginTest" tests="1" failures="0" timestamp="21 May 2020 12:35:01 GMT" time="169.506" errors="0">
  <testcase name="loginTest" time="169.506" classname="com.qa.sf.keyword.tests.LoginTest"/>
</testsuite> <!-- com.qa.sf.keyword.tests.LoginTest -->
